<?xml version="1.0" encoding="UTF-8"?>
<!-- Generated by org.testng.reporters.JUnitReportReporter -->
<testsuite hostname="DESKTOP-9FO86RH" failures="0" tests="2" name="day43_TestNG1Annotations.pack.C2" time="0.008" errors="0" timestamp="2024-09-27T15:16:06 IST" skipped="0">
  <testcase classname="day43_TestNG1Annotations.pack.C2" name="xyz" time="0.004"/>
  <system-out/>
  <testcase classname="day43_TestNG1Annotations.pack.C2" name="xyz" time="0.004"/>
  <system-out/>
</testsuite> <!-- day43_TestNG1Annotations.pack.C2 -->
