<?xml version="1.0" encoding="UTF-8"?>
<!-- Generated by org.testng.reporters.JUnitReportReporter -->
<testsuite hostname="DESKTOP-9FO86RH" failures="0" tests="2" name="day43_TestNG1Annotations.AnnotationsTypes" time="0.038" errors="0" timestamp="2024-09-27T09:39:10 IST" skipped="0">
  <testcase classname="day43_TestNG1Annotations.AnnotationsTypes" name="search" time="0.020"/>
  <system-out/>
  <testcase classname="day43_TestNG1Annotations.AnnotationsTypes" name="advancedSearch" time="0.018"/>
  <system-out/>
</testsuite> <!-- day43_TestNG1Annotations.AnnotationsTypes -->
