<?xml version="1.0" encoding="UTF-8"?>
<!-- Generated by org.testng.reporters.JUnitReportReporter -->
<testsuite hostname="DESKTOP-9FO86RH" failures="0" tests="4" name="day42_TestNG.Webdriver_Test1_OrangeHRM" time="28.658" errors="0" timestamp="2024-09-14T19:12:00 IST" skipped="0">
  <testcase classname="day42_TestNG.Webdriver_Test1_OrangeHRM" name="openapp" time="20.577"/>
  <system-out/>
  <testcase classname="day42_TestNG.Webdriver_Test1_OrangeHRM" name="testLogo" time="3.187"/>
  <system-out/>
  <testcase classname="day42_TestNG.Webdriver_Test1_OrangeHRM" name="testLogin" time="0.740"/>
  <system-out/>
  <testcase classname="day42_TestNG.Webdriver_Test1_OrangeHRM" name="closeApp" time="4.154"/>
  <system-out/>
</testsuite> <!-- day42_TestNG.Webdriver_Test1_OrangeHRM -->
