<?xml version="1.0" encoding="UTF-8"?>
<!-- Generated by org.testng.reporters.JUnitReportReporter -->
<testsuite hostname="DESKTOP-9FO86RH" failures="0" tests="2" name="day43_TestNG1Annotations.AllAnnotations" time="0.018" errors="0" timestamp="2024-09-28T08:59:51 IST" skipped="0">
  <testcase classname="day43_TestNG1Annotations.AllAnnotations" name="tm1" time="0.014"/>
  <system-out/>
  <testcase classname="day43_TestNG1Annotations.AllAnnotations" name="tm2" time="0.004"/>
  <system-out/>
</testsuite> <!-- day43_TestNG1Annotations.AllAnnotations -->
