<?xml version="1.0" encoding="UTF-8"?>
<!-- Generated by org.testng.reporters.JUnitReportReporter -->
<testsuite hostname="DESKTOP-9FO86RH" failures="0" tests="2" name="day43_TestNG1Annotations.pack.C3" time="0.029" errors="0" timestamp="2024-09-27T15:16:06 IST" skipped="0">
  <testcase classname="day43_TestNG1Annotations.pack.C3" name="pqr" time="0.020"/>
  <system-out/>
  <testcase classname="day43_TestNG1Annotations.pack.C3" name="pqr" time="0.009"/>
  <system-out/>
</testsuite> <!-- day43_TestNG1Annotations.pack.C3 -->
