<?xml version="1.0" encoding="UTF-8"?>
<!-- Generated by org.testng.reporters.JUnitReportReporter -->
<testsuite hostname="DESKTOP-9FO86RH" failures="0" tests="2" name="day43_TestNG1Annotations.AnnotationClassMethod" time="0.018" errors="0" timestamp="2024-09-27T10:00:42 IST" skipped="0">
  <testcase classname="day43_TestNG1Annotations.AnnotationClassMethod" name="search" time="0.011"/>
  <system-out/>
  <testcase classname="day43_TestNG1Annotations.AnnotationClassMethod" name="advancedSearch" time="0.007"/>
  <system-out/>
</testsuite> <!-- day43_TestNG1Annotations.AnnotationClassMethod -->
