<?xml version="1.0" encoding="UTF-8"?>
<!-- Generated by org.testng.reporters.JUnitReportReporter -->
<testsuite hostname="DESKTOP-9FO86RH" failures="0" tests="2" name="day43_TestNG1Annotations.pack.C1" time="0.019" errors="0" timestamp="2024-09-27T15:16:06 IST" skipped="0">
  <testcase classname="day43_TestNG1Annotations.pack.C1" name="abc" time="0.006"/>
  <system-out/>
  <testcase classname="day43_TestNG1Annotations.pack.C1" name="abc" time="0.013"/>
  <system-out/>
</testsuite> <!-- day43_TestNG1Annotations.pack.C1 -->
