<?xml version="1.0" encoding="UTF-8"?>
<!-- Generated by org.testng.reporters.JUnitReportReporter -->
<testsuite hostname="DESKTOP-9FO86RH" failures="0" tests="3" name="day42_TestNG.TestNG_Class_1" time="0.044" errors="0" timestamp="2024-09-14T19:12:00 IST" skipped="0">
  <testcase classname="day42_TestNG.TestNG_Class_1" name="openapp" time="0.030"/>
  <system-out/>
  <testcase classname="day42_TestNG.TestNG_Class_1" name="login" time="0.011"/>
  <system-out/>
  <testcase classname="day42_TestNG.TestNG_Class_1" name="logout" time="0.003"/>
  <system-out/>
</testsuite> <!-- day42_TestNG.TestNG_Class_1 -->
